<?xml version="1.0" encoding="UTF-8"?>
<!-- Generated by org.testng.reporters.JUnitXMLReporter -->
<testsuite hostname="HIBAML55072" name="Default test" tests="3" failures="0" timestamp="17 Jun 2020 12:39:21 GMT" time="3.718" errors="0">
  <testcase name="@BeforeClass setUp" time="0.0" classname="OrangeHRM.testcases.LoginScenarios">
    <failure type="org.openqa.selenium.SessionNotCreatedException" message="session not created: This version of ChromeDriver only supports Chrome version 77
Build info: version: &amp;apos;3.141.59&amp;apos;, revision: &amp;apos;e82be7d358&amp;apos;, time: &amp;apos;2018-11-14T08:17:03&amp;apos;
System info: host: &amp;apos;HIBAML55072&amp;apos;, ip: &amp;apos;192.168.0.6&amp;apos;, os.name: &amp;apos;Windows 10&amp;apos;, os.arch: &amp;apos;amd64&amp;apos;, os.version: &amp;apos;10.0&amp;apos;, java.version: &amp;apos;1.8.0_231&amp;apos;
Driver info: driver.version: ChromeDriver
remote stacktrace: Backtrace:
	Ordinal0 [0x003AEB13+1501971]
	Ordinal0 [0x0032F6D1+980689]
	Ordinal0 [0x002B765F+489055]
	Ordinal0 [0x0024F2F4+62196]
	Ordinal0 [0x0024BCDA+48346]
	Ordinal0 [0x00269800+169984]
	Ordinal0 [0x0026942D+169005]
	Ordinal0 [0x002678EB+162027]
	Ordinal0 [0x00250AC7+68295]
	Ordinal0 [0x00251B40+72512]
	Ordinal0 [0x00251AD9+72409]
	Ordinal0 [0x00348F37+1085239]
	GetHandleVerifier [0x0044D7ED+503293]
	GetHandleVerifier [0x0044D580+502672]
	GetHandleVerifier [0x004546AC+531644]
	GetHandleVerifier [0x0044DFFA+505354]
	Ordinal0 [0x00340606+1050118]
	Ordinal0 [0x0034047F+1049727]
	Ordinal0 [0x0034AF9B+1093531]
	Ordinal0 [0x0034B103+1093891]
	Ordinal0 [0x0034A095+1089685]
	BaseThreadInitThunk [0x767CF989+25]
	RtlGetAppContainerNamedObjectPath [0x779F7084+228]
	RtlGetAppContainerNamedObjectPath [0x779F7054+180]
">
      <![CDATA[org.openqa.selenium.SessionNotCreatedException: session not created: This version of ChromeDriver only supports Chrome version 77
Build info: version: '3.141.59', revision: 'e82be7d358', time: '2018-11-14T08:17:03'
System info: host: 'HIBAML55072', ip: '192.168.0.6', os.name: 'Windows 10', os.arch: 'amd64', os.version: '10.0', java.version: '1.8.0_231'
Driver info: driver.version: ChromeDriver
remote stacktrace: Backtrace:
	Ordinal0 [0x003AEB13+1501971]
	Ordinal0 [0x0032F6D1+980689]
	Ordinal0 [0x002B765F+489055]
	Ordinal0 [0x0024F2F4+62196]
	Ordinal0 [0x0024BCDA+48346]
	Ordinal0 [0x00269800+169984]
	Ordinal0 [0x0026942D+169005]
	Ordinal0 [0x002678EB+162027]
	Ordinal0 [0x00250AC7+68295]
	Ordinal0 [0x00251B40+72512]
	Ordinal0 [0x00251AD9+72409]
	Ordinal0 [0x00348F37+1085239]
	GetHandleVerifier [0x0044D7ED+503293]
	GetHandleVerifier [0x0044D580+502672]
	GetHandleVerifier [0x004546AC+531644]
	GetHandleVerifier [0x0044DFFA+505354]
	Ordinal0 [0x00340606+1050118]
	Ordinal0 [0x0034047F+1049727]
	Ordinal0 [0x0034AF9B+1093531]
	Ordinal0 [0x0034B103+1093891]
	Ordinal0 [0x0034A095+1089685]
	BaseThreadInitThunk [0x767CF989+25]
	RtlGetAppContainerNamedObjectPath [0x779F7084+228]
	RtlGetAppContainerNamedObjectPath [0x779F7054+180]

	at sun.reflect.NativeConstructorAccessorImpl.newInstance0(Native Method)
	at sun.reflect.NativeConstructorAccessorImpl.newInstance(NativeConstructorAccessorImpl.java:62)
	at sun.reflect.DelegatingConstructorAccessorImpl.newInstance(DelegatingConstructorAccessorImpl.java:45)
	at java.lang.reflect.Constructor.newInstance(Constructor.java:423)
	at org.openqa.selenium.remote.W3CHandshakeResponse.lambda$errorHandler$0(W3CHandshakeResponse.java:62)
	at org.openqa.selenium.remote.HandshakeResponse.lambda$getResponseFunction$0(HandshakeResponse.java:30)
	at org.openqa.selenium.remote.ProtocolHandshake.lambda$createSession$0(ProtocolHandshake.java:126)
	at java.util.stream.ReferencePipeline$3$1.accept(ReferencePipeline.java:193)
	at java.util.Spliterators$ArraySpliterator.tryAdvance(Spliterators.java:958)
	at java.util.stream.ReferencePipeline.forEachWithCancel(ReferencePipeline.java:126)
	at java.util.stream.AbstractPipeline.copyIntoWithCancel(AbstractPipeline.java:499)
	at java.util.stream.AbstractPipeline.copyInto(AbstractPipeline.java:486)
	at java.util.stream.AbstractPipeline.wrapAndCopyInto(AbstractPipeline.java:472)
	at java.util.stream.FindOps$FindOp.evaluateSequential(FindOps.java:152)
	at java.util.stream.AbstractPipeline.evaluate(AbstractPipeline.java:234)
	at java.util.stream.ReferencePipeline.findFirst(ReferencePipeline.java:464)
	at org.openqa.selenium.remote.ProtocolHandshake.createSession(ProtocolHandshake.java:128)
	at org.openqa.selenium.remote.ProtocolHandshake.createSession(ProtocolHandshake.java:74)
	at org.openqa.selenium.remote.HttpCommandExecutor.execute(HttpCommandExecutor.java:136)
	at org.openqa.selenium.remote.service.DriverCommandExecutor.execute(DriverCommandExecutor.java:83)
	at org.openqa.selenium.remote.RemoteWebDriver.execute(RemoteWebDriver.java:552)
	at org.openqa.selenium.remote.RemoteWebDriver.startSession(RemoteWebDriver.java:213)
	at org.openqa.selenium.remote.RemoteWebDriver.<init>(RemoteWebDriver.java:131)
	at org.openqa.selenium.chrome.ChromeDriver.<init>(ChromeDriver.java:181)
	at org.openqa.selenium.chrome.ChromeDriver.<init>(ChromeDriver.java:168)
	at org.openqa.selenium.chrome.ChromeDriver.<init>(ChromeDriver.java:123)
	at OrangeHRM.factories.BrowserFactory.getApplication(BrowserFactory.java:124)
	at OrangeHRM.pages.BaseClass.setUp(BaseClass.java:97)
	at sun.reflect.NativeMethodAccessorImpl.invoke0(Native Method)
	at sun.reflect.NativeMethodAccessorImpl.invoke(NativeMethodAccessorImpl.java:62)
	at sun.reflect.DelegatingMethodAccessorImpl.invoke(DelegatingMethodAccessorImpl.java:43)
	at java.lang.reflect.Method.invoke(Method.java:498)
	at org.testng.internal.MethodInvocationHelper.invokeMethod(MethodInvocationHelper.java:86)
	at org.testng.internal.Invoker.invokeConfigurationMethod(Invoker.java:514)
	at org.testng.internal.Invoker.invokeConfigurations(Invoker.java:215)
	at org.testng.internal.Invoker.invokeConfigurations(Invoker.java:142)
	at org.testng.internal.TestMethodWorker.invokeBeforeClassMethods(TestMethodWorker.java:178)
	at org.testng.internal.TestMethodWorker.run(TestMethodWorker.java:108)
	at org.testng.TestRunner.privateRun(TestRunner.java:782)
	at org.testng.TestRunner.run(TestRunner.java:632)
	at org.testng.SuiteRunner.runTest(SuiteRunner.java:366)
	at org.testng.SuiteRunner.runSequentially(SuiteRunner.java:361)
	at org.testng.SuiteRunner.privateRun(SuiteRunner.java:319)
	at org.testng.SuiteRunner.run(SuiteRunner.java:268)
	at org.testng.SuiteRunnerWorker.runSuite(SuiteRunnerWorker.java:52)
	at org.testng.SuiteRunnerWorker.run(SuiteRunnerWorker.java:86)
	at org.testng.TestNG.runSuitesSequentially(TestNG.java:1244)
	at org.testng.TestNG.runSuitesLocally(TestNG.java:1169)
	at org.testng.TestNG.run(TestNG.java:1064)
	at org.testng.remote.AbstractRemoteTestNG.run(AbstractRemoteTestNG.java:115)
	at org.testng.remote.RemoteTestNG.initAndRun(RemoteTestNG.java:251)
	at org.testng.remote.RemoteTestNG.main(RemoteTestNG.java:77)
]]>
    </failure>
  </testcase> <!-- @BeforeClass setUp -->
  <testcase name="@AfterMethod tearDownReport" time="0.0" classname="OrangeHRM.testcases.LoginScenarios">
    <skipped/>
  </testcase> <!-- @AfterMethod tearDownReport -->
  <testcase name="verifyBeforeLoginDetails" time="0.007" classname="OrangeHRM.testcases.LoginScenarios">
    <skipped/>
  </testcase> <!-- verifyBeforeLoginDetails -->
  <testcase name="verifyAfterLoginDetails" time="0.0" classname="OrangeHRM.testcases.LoginScenarios">
    <skipped/>
  </testcase> <!-- verifyAfterLoginDetails -->
  <testcase name="verifyLogoutDetails" time="0.0" classname="OrangeHRM.testcases.LoginScenarios">
    <skipped/>
  </testcase> <!-- verifyLogoutDetails -->
</testsuite> <!-- Default test -->
